<?xml version="1.0" encoding="UTF-8"?>
<!-- Generated by org.testng.reporters.JUnitXMLReporter -->
<testsuite ignored="2" hostname="WIN-CGOPBPT2VHC" failures="0" tests="20" name="Default test" time="4.544" errors="0" timestamp="23 Sep 2019 10:26:26 GMT">
  <testcase classname="utility.BrowserFunctions" name="@BeforeTest setup" time="4.345">
    <failure type="org.openqa.selenium.WebDriverException" message="unknown error: unhandled inspector error: {&amp;quot;code&amp;quot;:-32000,&amp;quot;message&amp;quot;:&amp;quot;Cannot navigate to invalid URL&amp;quot;}
  (Session info: chrome=78.0.3904.17)
  (Driver info: chromedriver=2.43.600210 (68dcf5eebde37173d4027fa8635e332711d2874a),platform=Windows NT 6.3.9600 x86_64) (WARNING: The server did not provide any stacktrace information)
Command duration or timeout: 0 milliseconds
Build info: version: &amp;apos;3.10.0&amp;apos;, revision: &amp;apos;176b4a9&amp;apos;, time: &amp;apos;2018-03-02T19:03:16.397Z&amp;apos;
System info: host: &amp;apos;WIN-CGOPBPT2VHC&amp;apos;, ip: &amp;apos;192.168.72.196&amp;apos;, os.name: &amp;apos;Windows Server 2012 R2&amp;apos;, os.arch: &amp;apos;amd64&amp;apos;, os.version: &amp;apos;6.3&amp;apos;, java.version: &amp;apos;12.0.1&amp;apos;
Driver info: org.openqa.selenium.chrome.ChromeDriver
Capabilities {acceptInsecureCerts: false, acceptSslCerts: false, applicationCacheEnabled: false, browserConnectionEnabled: false, browserName: chrome, chrome: {chromedriverVersion: 2.43.600210 (68dcf5eebde371..., userDataDir: C:\Users\ADMINI~1\AppData\L...}, cssSelectorsEnabled: true, databaseEnabled: false, goog:chromeOptions: {debuggerAddress: localhost:1145}, handlesAlerts: true, hasTouchScreen: false, javascriptEnabled: true, locationContextEnabled: true, mobileEmulationEnabled: false, nativeEvents: true, networkConnectionEnabled: false, pageLoadStrategy: normal, platform: XP, platformName: XP, rotatable: false, setWindowRect: true, takesHeapSnapshot: true, takesScreenshot: true, unexpectedAlertBehaviour: , unhandledPromptBehavior: , version: 78.0.3904.17, webStorageEnabled: true}
Session ID: 4be3053e44a82fb73f96e12bb690208f">
      <![CDATA[org.openqa.selenium.WebDriverException: unknown error: unhandled inspector error: {"code":-32000,"message":"Cannot navigate to invalid URL"}
  (Session info: chrome=78.0.3904.17)
  (Driver info: chromedriver=2.43.600210 (68dcf5eebde37173d4027fa8635e332711d2874a),platform=Windows NT 6.3.9600 x86_64) (WARNING: The server did not provide any stacktrace information)
Command duration or timeout: 0 milliseconds
Build info: version: '3.10.0', revision: '176b4a9', time: '2018-03-02T19:03:16.397Z'
System info: host: 'WIN-CGOPBPT2VHC', ip: '192.168.72.196', os.name: 'Windows Server 2012 R2', os.arch: 'amd64', os.version: '6.3', java.version: '12.0.1'
Driver info: org.openqa.selenium.chrome.ChromeDriver
Capabilities {acceptInsecureCerts: false, acceptSslCerts: false, applicationCacheEnabled: false, browserConnectionEnabled: false, browserName: chrome, chrome: {chromedriverVersion: 2.43.600210 (68dcf5eebde371..., userDataDir: C:\Users\ADMINI~1\AppData\L...}, cssSelectorsEnabled: true, databaseEnabled: false, goog:chromeOptions: {debuggerAddress: localhost:1145}, handlesAlerts: true, hasTouchScreen: false, javascriptEnabled: true, locationContextEnabled: true, mobileEmulationEnabled: false, nativeEvents: true, networkConnectionEnabled: false, pageLoadStrategy: normal, platform: XP, platformName: XP, rotatable: false, setWindowRect: true, takesHeapSnapshot: true, takesScreenshot: true, unexpectedAlertBehaviour: , unhandledPromptBehavior: , version: 78.0.3904.17, webStorageEnabled: true}
Session ID: 4be3053e44a82fb73f96e12bb690208f
at java.base/jdk.internal.reflect.NativeConstructorAccessorImpl.newInstance0(Native Method)
at java.base/jdk.internal.reflect.NativeConstructorAccessorImpl.newInstance(NativeConstructorAccessorImpl.java:62)
at java.base/jdk.internal.reflect.DelegatingConstructorAccessorImpl.newInstance(DelegatingConstructorAccessorImpl.java:45)
at java.base/java.lang.reflect.Constructor.newInstanceWithCaller(Constructor.java:500)
at java.base/java.lang.reflect.Constructor.newInstance(Constructor.java:481)
at org.openqa.selenium.remote.ErrorHandler.createThrowable(ErrorHandler.java:214)
at org.openqa.selenium.remote.ErrorHandler.throwIfResponseFailed(ErrorHandler.java:166)
at org.openqa.selenium.remote.http.JsonHttpResponseCodec.reconstructValue(JsonHttpResponseCodec.java:40)
at org.openqa.selenium.remote.http.AbstractHttpResponseCodec.decode(AbstractHttpResponseCodec.java:80)
at org.openqa.selenium.remote.http.AbstractHttpResponseCodec.decode(AbstractHttpResponseCodec.java:44)
at org.openqa.selenium.remote.HttpCommandExecutor.execute(HttpCommandExecutor.java:160)
at org.openqa.selenium.remote.service.DriverCommandExecutor.execute(DriverCommandExecutor.java:83)
at org.openqa.selenium.remote.RemoteWebDriver.execute(RemoteWebDriver.java:601)
at org.openqa.selenium.remote.RemoteWebDriver.get(RemoteWebDriver.java:325)
at utility.BrowserFunctions.setup(BrowserFunctions.java:154)
at java.base/jdk.internal.reflect.NativeMethodAccessorImpl.invoke0(Native Method)
at java.base/jdk.internal.reflect.NativeMethodAccessorImpl.invoke(NativeMethodAccessorImpl.java:62)
at java.base/jdk.internal.reflect.DelegatingMethodAccessorImpl.invoke(DelegatingMethodAccessorImpl.java:43)
at java.base/java.lang.reflect.Method.invoke(Method.java:567)
at org.testng.internal.MethodInvocationHelper.invokeMethod(MethodInvocationHelper.java:124)
at org.testng.internal.MethodInvocationHelper.invokeMethodConsideringTimeout(MethodInvocationHelper.java:59)
at org.testng.internal.Invoker.invokeConfigurationMethod(Invoker.java:458)
at org.testng.internal.Invoker.invokeConfigurations(Invoker.java:222)
at org.testng.internal.Invoker.invokeConfigurations(Invoker.java:142)
at org.testng.TestRunner.beforeRun(TestRunner.java:529)
at org.testng.TestRunner.run(TestRunner.java:497)
at org.testng.SuiteRunner.runTest(SuiteRunner.java:455)
at org.testng.SuiteRunner.runSequentially(SuiteRunner.java:450)
at org.testng.SuiteRunner.privateRun(SuiteRunner.java:415)
at org.testng.SuiteRunner.run(SuiteRunner.java:364)
at org.testng.SuiteRunnerWorker.runSuite(SuiteRunnerWorker.java:52)
at org.testng.SuiteRunnerWorker.run(SuiteRunnerWorker.java:84)
at org.testng.TestNG.runSuitesSequentially(TestNG.java:1208)
at org.testng.TestNG.runSuitesLocally(TestNG.java:1137)
at org.testng.TestNG.runSuites(TestNG.java:1049)
at org.testng.TestNG.run(TestNG.java:1017)
at org.testng.remote.AbstractRemoteTestNG.run(AbstractRemoteTestNG.java:115)
at org.testng.remote.RemoteTestNG.initAndRun(RemoteTestNG.java:251)
at org.testng.remote.RemoteTestNG.main(RemoteTestNG.java:77)
]]>
    </failure>
  </testcase> <!-- @BeforeTest setup -->
  <testcase classname="GT.GT.AccountPageTest" name="@BeforeClass beforeCalss" time="0.0">
    <skipped/>
  </testcase> <!-- @BeforeClass beforeCalss -->
  <testcase classname="utility.BrowserFunctions" name="@AfterMethod tearDown" time="0.0">
    <skipped/>
  </testcase> <!-- @AfterMethod tearDown -->
  <testcase classname="utility.BrowserFunctions" name="@AfterMethod tearDown" time="0.0">
    <skipped/>
  </testcase> <!-- @AfterMethod tearDown -->
  <testcase classname="utility.BrowserFunctions" name="@AfterMethod tearDown" time="0.0">
    <skipped/>
  </testcase> <!-- @AfterMethod tearDown -->
  <testcase classname="utility.BrowserFunctions" name="@AfterMethod tearDown" time="0.0">
    <skipped/>
  </testcase> <!-- @AfterMethod tearDown -->
  <testcase classname="utility.BrowserFunctions" name="@AfterMethod tearDown" time="0.0">
    <skipped/>
  </testcase> <!-- @AfterMethod tearDown -->
  <testcase classname="utility.BrowserFunctions" name="@AfterMethod tearDown" time="0.0">
    <skipped/>
  </testcase> <!-- @AfterMethod tearDown -->
  <testcase classname="utility.BrowserFunctions" name="@AfterMethod tearDown" time="0.0">
    <skipped/>
  </testcase> <!-- @AfterMethod tearDown -->
  <testcase classname="utility.BrowserFunctions" name="@AfterMethod tearDown" time="0.0">
    <skipped/>
  </testcase> <!-- @AfterMethod tearDown -->
  <testcase classname="utility.BrowserFunctions" name="@AfterMethod tearDown" time="0.0">
    <skipped/>
  </testcase> <!-- @AfterMethod tearDown -->
  <testcase classname="utility.BrowserFunctions" name="@AfterMethod tearDown" time="0.0">
    <skipped/>
  </testcase> <!-- @AfterMethod tearDown -->
  <testcase classname="utility.BrowserFunctions" name="@AfterMethod tearDown" time="0.0">
    <skipped/>
  </testcase> <!-- @AfterMethod tearDown -->
  <testcase classname="utility.BrowserFunctions" name="@AfterMethod tearDown" time="0.0">
    <skipped/>
  </testcase> <!-- @AfterMethod tearDown -->
  <testcase classname="utility.BrowserFunctions" name="@AfterMethod tearDown" time="0.0">
    <skipped/>
  </testcase> <!-- @AfterMethod tearDown -->
  <testcase classname="utility.BrowserFunctions" name="@AfterMethod tearDown" time="0.0">
    <skipped/>
  </testcase> <!-- @AfterMethod tearDown -->
  <testcase classname="utility.BrowserFunctions" name="@AfterMethod tearDown" time="0.0">
    <skipped/>
  </testcase> <!-- @AfterMethod tearDown -->
  <testcase classname="utility.BrowserFunctions" name="@AfterMethod tearDown" time="0.0">
    <skipped/>
  </testcase> <!-- @AfterMethod tearDown -->
  <testcase classname="utility.BrowserFunctions" name="@AfterMethod tearDown" time="0.0">
    <skipped/>
  </testcase> <!-- @AfterMethod tearDown -->
  <testcase classname="utility.BrowserFunctions" name="@AfterMethod tearDown" time="0.0">
    <skipped/>
  </testcase> <!-- @AfterMethod tearDown -->
  <testcase classname="utility.BrowserFunctions" name="@AfterMethod tearDown" time="0.0">
    <skipped/>
  </testcase> <!-- @AfterMethod tearDown -->
  <testcase classname="utility.BrowserFunctions" name="@AfterMethod tearDown" time="0.0">
    <skipped/>
  </testcase> <!-- @AfterMethod tearDown -->
  <testcase classname="utility.BrowserFunctions" name="@AfterTest closeBrowser1" time="0.0">
    <skipped/>
  </testcase> <!-- @AfterTest closeBrowser1 -->
  <testcase classname="GT.GT.AccountPageTest" name="verifyAccountManagerFunctionalityInAccountManagersTab" time="0.0">
    <skipped/>
  </testcase> <!-- verifyAccountManagerFunctionalityInAccountManagersTab -->
  <testcase classname="GT.GT.AccountPageTest" name="verifyAddAccountManagerFunctionalityByGivingNonRegisteredNumberInAccountManagersTab" time="0.0">
    <skipped/>
  </testcase> <!-- verifyAddAccountManagerFunctionalityByGivingNonRegisteredNumberInAccountManagersTab -->
  <testcase classname="GT.GT.AccountPageTest" name="verifyAddBalanceFunctionalityToExistingSubAccountInSubAccountsTab" time="0.0">
    <skipped/>
  </testcase> <!-- verifyAddBalanceFunctionalityToExistingSubAccountInSubAccountsTab -->
  <testcase classname="GT.GT.AccountPageTest" name="verifyAddSubAccountFunctionalityByGivingNonRegisteredNumberInSubAccountsTab" time="0.0">
    <skipped/>
  </testcase> <!-- verifyAddSubAccountFunctionalityByGivingNonRegisteredNumberInSubAccountsTab -->
  <testcase classname="GT.GT.AccountPageTest" name="verifyAddSubAccountFunctionalityInSubAccountsTab" time="0.0">
    <skipped/>
  </testcase> <!-- verifyAddSubAccountFunctionalityInSubAccountsTab -->
  <testcase classname="GT.GT.AccountPageTest" name="verifyAddSubAccountFunctionalityWithAlreadyExistedMainAccount" time="0.0">
    <skipped/>
  </testcase> <!-- verifyAddSubAccountFunctionalityWithAlreadyExistedMainAccount -->
  <testcase classname="GT.GT.AccountPageTest" name="verifyAddSubAccountFunctionalityWithAlreadyExistedSubAccount" time="0.0">
    <skipped/>
  </testcase> <!-- verifyAddSubAccountFunctionalityWithAlreadyExistedSubAccount -->
  <testcase classname="GT.GT.AccountPageTest" name="verifyAllAndRechargesTabsOnMyAccountPage" time="0.0">
    <skipped/>
  </testcase> <!-- verifyAllAndRechargesTabsOnMyAccountPage -->
  <testcase classname="GT.GT.AccountPageTest" name="verifyAllTabsAreDisplayedOnMyAccountPage" time="0.0">
    <skipped/>
  </testcase> <!-- verifyAllTabsAreDisplayedOnMyAccountPage -->
  <testcase classname="GT.GT.AccountPageTest" name="verifyConfigureClipsFunctionalityOnProfilePage" time="0.0">
    <skipped/>
  </testcase> <!-- verifyConfigureClipsFunctionalityOnProfilePage -->
  <testcase classname="GT.GT.AccountPageTest" name="verifyEditSubAccountFunctionalityInSubAccountsTab" time="0.0">
    <skipped/>
  </testcase> <!-- verifyEditSubAccountFunctionalityInSubAccountsTab -->
  <testcase classname="GT.GT.AccountPageTest" name="verifyEditUserProfile" time="0.0">
    <skipped/>
  </testcase> <!-- verifyEditUserProfile -->
  <testcase classname="GT.GT.AccountPageTest" name="verifyErrorMsgOnAddSubAccountOverlayWhenMemeberLimitExceedsMainAccountMaxMemberLimit" time="0.0">
    <skipped/>
  </testcase> <!-- verifyErrorMsgOnAddSubAccountOverlayWhenMemeberLimitExceedsMainAccountMaxMemberLimit -->
  <testcase classname="GT.GT.AccountPageTest" name="verifyErrorMsgOnAddSubAccountOverlayWhenTransferAmountExceedsMainAccountAvailableAmountLimit" time="0.0">
    <skipped/>
  </testcase> <!-- verifyErrorMsgOnAddSubAccountOverlayWhenTransferAmountExceedsMainAccountAvailableAmountLimit -->
  <testcase classname="GT.GT.AccountPageTest" name="verifyExistingSubAccountFunctionalityInSubAccountsTab" time="0.0">
    <skipped/>
  </testcase> <!-- verifyExistingSubAccountFunctionalityInSubAccountsTab -->
  <testcase classname="GT.GT.AccountPageTest" name="verifyRechargeWithPaytm" time="0.0">
    <skipped/>
  </testcase> <!-- verifyRechargeWithPaytm -->
  <testcase classname="GT.GT.AccountPageTest" name="verifyTheCountOfAccountManagersInAccountManagersTab" time="0.0">
    <skipped/>
  </testcase> <!-- verifyTheCountOfAccountManagersInAccountManagersTab -->
  <testcase classname="GT.GT.AccountPageTest" name="verifyTotalAmountUsedByUser" time="0.0">
    <skipped/>
  </testcase> <!-- verifyTotalAmountUsedByUser -->
  <testcase classname="GT.GT.AccountPageTest" name="verifyViewSubAccountDetailsFunctionalityInSubAccountsTab" time="0.0">
    <skipped/>
  </testcase> <!-- verifyViewSubAccountDetailsFunctionalityInSubAccountsTab -->
  <testcase classname="GT.GT.AccountPageTest" name="verifybalancecheckinsubaccounts" time="0.0">
    <skipped/>
  </testcase> <!-- verifybalancecheckinsubaccounts -->
  <testcase classname="GT.GT.AccountPageTest" name="verifycallManagerFunctionalityInAccountManagersTab" time="0.0">
    <ignored/>
  </testcase> <!-- verifycallManagerFunctionalityInAccountManagersTab -->
  <testcase classname="GT.GT.AccountPageTest" name="verifyAddSubAccountFunctionalityWhenSelectPoolAsSubAccountType" time="0.0">
    <ignored/>
  </testcase> <!-- verifyAddSubAccountFunctionalityWhenSelectPoolAsSubAccountType -->
</testsuite> <!-- Default test -->
