<?xml version="1.0" encoding="UTF-8"?>
<!-- Generated by org.testng.reporters.JUnitXMLReporter -->
<testsuite ignored="1" hostname="DESKTOP-HD64D8V" failures="7" tests="30" name="HomePageTest" time="1050.043" errors="0" timestamp="17 Sep 2019 09:33:26 GMT">
  <testcase classname="GT.GT.HomePageTest" name="verifyAboutLinkInFooterSection" time="0.107">
    <failure type="java.lang.AssertionError" message="expected [http://192.168.75.38:8081/About-us] but found [http://192.168.75.38:8081/]">
      <![CDATA[java.lang.AssertionError: expected [http://192.168.75.38:8081/About-us] but found [http://192.168.75.38:8081/]
at GT.GT.HomePageTest.verifyAboutLinkInFooterSection(HomePageTest.java:329)
... Removed 31 stack frames]]>
    </failure>
  </testcase> <!-- verifyAboutLinkInFooterSection -->
  <testcase classname="GT.GT.HomePageTest" name="verifyAppStoreTabFunctionality" time="1.214">
    <failure type="org.openqa.selenium.WebDriverException" message="unknown error: Element &amp;lt;a redirecturl=&amp;quot;https://itunes.apple.com/in/app/grptalk/id1074172134?ls=1&amp;amp;amp;mt=8&amp;quot; class=&amp;quot;page-scroll btn btn-primary app-store appDownloadClick&amp;quot;&amp;gt;...&amp;lt;/a&amp;gt; is not clickable at point (808, 28). Other element would receive the click: &amp;lt;div class=&amp;quot;col-sm-6 col-xs-9 contctusheads&amp;quot;&amp;gt;...&amp;lt;/div&amp;gt;
  (Session info: chrome=76.0.3809.132)
  (Driver info: chromedriver=2.43.600210 (68dcf5eebde37173d4027fa8635e332711d2874a),platform=Windows NT 10.0.18362 x86_64) (WARNING: The server did not provide any stacktrace information)
Command duration or timeout: 0 milliseconds
Build info: version: &amp;apos;3.10.0&amp;apos;, revision: &amp;apos;176b4a9&amp;apos;, time: &amp;apos;2018-03-02T19:03:16.397Z&amp;apos;
System info: host: &amp;apos;DESKTOP-HD64D8V&amp;apos;, ip: &amp;apos;192.168.72.231&amp;apos;, os.name: &amp;apos;Windows 10&amp;apos;, os.arch: &amp;apos;amd64&amp;apos;, os.version: &amp;apos;10.0&amp;apos;, java.version: &amp;apos;12&amp;apos;
Driver info: org.openqa.selenium.chrome.ChromeDriver
Capabilities {acceptInsecureCerts: false, acceptSslCerts: false, applicationCacheEnabled: false, browserConnectionEnabled: false, browserName: chrome, chrome: {chromedriverVersion: 2.43.600210 (68dcf5eebde371..., userDataDir: C:\Users\smsc\AppData\Local...}, cssSelectorsEnabled: true, databaseEnabled: false, goog:chromeOptions: {debuggerAddress: localhost:65270}, handlesAlerts: true, hasTouchScreen: false, javascriptEnabled: true, locationContextEnabled: true, mobileEmulationEnabled: false, nativeEvents: true, networkConnectionEnabled: false, pageLoadStrategy: normal, platform: XP, platformName: XP, rotatable: false, setWindowRect: true, takesHeapSnapshot: true, takesScreenshot: true, unexpectedAlertBehaviour: , unhandledPromptBehavior: , version: 76.0.3809.132, webStorageEnabled: true}
Session ID: e598cdaad9e6a466c6b16f956fb91626">
      <![CDATA[org.openqa.selenium.WebDriverException: unknown error: Element <a redirecturl="https://itunes.apple.com/in/app/grptalk/id1074172134?ls=1&amp;mt=8" class="page-scroll btn btn-primary app-store appDownloadClick">...</a> is not clickable at point (808, 28). Other element would receive the click: <div class="col-sm-6 col-xs-9 contctusheads">...</div>
  (Session info: chrome=76.0.3809.132)
  (Driver info: chromedriver=2.43.600210 (68dcf5eebde37173d4027fa8635e332711d2874a),platform=Windows NT 10.0.18362 x86_64) (WARNING: The server did not provide any stacktrace information)
Command duration or timeout: 0 milliseconds
Build info: version: '3.10.0', revision: '176b4a9', time: '2018-03-02T19:03:16.397Z'
System info: host: 'DESKTOP-HD64D8V', ip: '192.168.72.231', os.name: 'Windows 10', os.arch: 'amd64', os.version: '10.0', java.version: '12'
Driver info: org.openqa.selenium.chrome.ChromeDriver
Capabilities {acceptInsecureCerts: false, acceptSslCerts: false, applicationCacheEnabled: false, browserConnectionEnabled: false, browserName: chrome, chrome: {chromedriverVersion: 2.43.600210 (68dcf5eebde371..., userDataDir: C:\Users\smsc\AppData\Local...}, cssSelectorsEnabled: true, databaseEnabled: false, goog:chromeOptions: {debuggerAddress: localhost:65270}, handlesAlerts: true, hasTouchScreen: false, javascriptEnabled: true, locationContextEnabled: true, mobileEmulationEnabled: false, nativeEvents: true, networkConnectionEnabled: false, pageLoadStrategy: normal, platform: XP, platformName: XP, rotatable: false, setWindowRect: true, takesHeapSnapshot: true, takesScreenshot: true, unexpectedAlertBehaviour: , unhandledPromptBehavior: , version: 76.0.3809.132, webStorageEnabled: true}
Session ID: e598cdaad9e6a466c6b16f956fb91626
at org.openqa.selenium.remote.ErrorHandler.createThrowable(ErrorHandler.java:214)
at org.openqa.selenium.remote.ErrorHandler.throwIfResponseFailed(ErrorHandler.java:166)
at org.openqa.selenium.remote.http.JsonHttpResponseCodec.reconstructValue(JsonHttpResponseCodec.java:40)
at org.openqa.selenium.remote.http.AbstractHttpResponseCodec.decode(AbstractHttpResponseCodec.java:80)
at org.openqa.selenium.remote.http.AbstractHttpResponseCodec.decode(AbstractHttpResponseCodec.java:44)
at org.openqa.selenium.remote.HttpCommandExecutor.execute(HttpCommandExecutor.java:160)
at org.openqa.selenium.remote.service.DriverCommandExecutor.execute(DriverCommandExecutor.java:83)
at org.openqa.selenium.remote.RemoteWebDriver.execute(RemoteWebDriver.java:601)
at org.openqa.selenium.remote.RemoteWebElement.execute(RemoteWebElement.java:279)
at org.openqa.selenium.remote.RemoteWebElement.click(RemoteWebElement.java:83)
at GT.GT.HomePage.clickAppStoreTab(HomePage.java:130)
at GT.GT.HomePageTest.verifyAppStoreTabFunctionality(HomePageTest.java:199)
... Removed 30 stack frames]]>
    </failure>
  </testcase> <!-- verifyAppStoreTabFunctionality -->
  <testcase classname="GT.GT.HomePageTest" name="verifyBlogLinkInFooterSection" time="9.344"/>
  <testcase classname="GT.GT.HomePageTest" name="verifyContactLinkInFooterSection" time="1.722"/>
  <testcase classname="GT.GT.HomePageTest" name="verifyContactSalesButtonFunctionality" time="21.847"/>
  <testcase classname="GT.GT.HomePageTest" name="verifyCopyRightTextInFooterSection" time="0.091"/>
  <testcase classname="GT.GT.HomePageTest" name="verifyCustomerStoriesLinkInFooterSection" time="1.578"/>
  <testcase classname="GT.GT.HomePageTest" name="verifyCustomerStoriesTabFunctionality" time="0.485"/>
  <testcase classname="GT.GT.HomePageTest" name="verifyFeaturesLinkInFooterSection" time="1.031"/>
  <testcase classname="GT.GT.HomePageTest" name="verifyFeaturesTabFunctionality" time="0.467"/>
  <testcase classname="GT.GT.HomePageTest" name="verifyFunctionalityOfFacebookLogoInFooterSection" time="0.157">
    <failure type="org.openqa.selenium.WebDriverException" message="unknown error: Element &amp;lt;span class=&amp;quot;bgSocialIcon fb&amp;quot;&amp;gt;&amp;lt;/span&amp;gt; is not clickable at point (1025, 594). Other element would receive the click: &amp;lt;jdiv class=&amp;quot;hoverl_6R&amp;quot;&amp;gt;&amp;lt;/jdiv&amp;gt;
  (Session info: chrome=76.0.3809.132)
  (Driver info: chromedriver=2.43.600210 (68dcf5eebde37173d4027fa8635e332711d2874a),platform=Windows NT 10.0.18362 x86_64) (WARNING: The server did not provide any stacktrace information)
Command duration or timeout: 0 milliseconds
Build info: version: &amp;apos;3.10.0&amp;apos;, revision: &amp;apos;176b4a9&amp;apos;, time: &amp;apos;2018-03-02T19:03:16.397Z&amp;apos;
System info: host: &amp;apos;DESKTOP-HD64D8V&amp;apos;, ip: &amp;apos;192.168.72.231&amp;apos;, os.name: &amp;apos;Windows 10&amp;apos;, os.arch: &amp;apos;amd64&amp;apos;, os.version: &amp;apos;10.0&amp;apos;, java.version: &amp;apos;12&amp;apos;
Driver info: org.openqa.selenium.chrome.ChromeDriver
Capabilities {acceptInsecureCerts: false, acceptSslCerts: false, applicationCacheEnabled: false, browserConnectionEnabled: false, browserName: chrome, chrome: {chromedriverVersion: 2.43.600210 (68dcf5eebde371..., userDataDir: C:\Users\smsc\AppData\Local...}, cssSelectorsEnabled: true, databaseEnabled: false, goog:chromeOptions: {debuggerAddress: localhost:65270}, handlesAlerts: true, hasTouchScreen: false, javascriptEnabled: true, locationContextEnabled: true, mobileEmulationEnabled: false, nativeEvents: true, networkConnectionEnabled: false, pageLoadStrategy: normal, platform: XP, platformName: XP, rotatable: false, setWindowRect: true, takesHeapSnapshot: true, takesScreenshot: true, unexpectedAlertBehaviour: , unhandledPromptBehavior: , version: 76.0.3809.132, webStorageEnabled: true}
Session ID: e598cdaad9e6a466c6b16f956fb91626">
      <![CDATA[org.openqa.selenium.WebDriverException: unknown error: Element <span class="bgSocialIcon fb"></span> is not clickable at point (1025, 594). Other element would receive the click: <jdiv class="hoverl_6R"></jdiv>
  (Session info: chrome=76.0.3809.132)
  (Driver info: chromedriver=2.43.600210 (68dcf5eebde37173d4027fa8635e332711d2874a),platform=Windows NT 10.0.18362 x86_64) (WARNING: The server did not provide any stacktrace information)
Command duration or timeout: 0 milliseconds
Build info: version: '3.10.0', revision: '176b4a9', time: '2018-03-02T19:03:16.397Z'
System info: host: 'DESKTOP-HD64D8V', ip: '192.168.72.231', os.name: 'Windows 10', os.arch: 'amd64', os.version: '10.0', java.version: '12'
Driver info: org.openqa.selenium.chrome.ChromeDriver
Capabilities {acceptInsecureCerts: false, acceptSslCerts: false, applicationCacheEnabled: false, browserConnectionEnabled: false, browserName: chrome, chrome: {chromedriverVersion: 2.43.600210 (68dcf5eebde371..., userDataDir: C:\Users\smsc\AppData\Local...}, cssSelectorsEnabled: true, databaseEnabled: false, goog:chromeOptions: {debuggerAddress: localhost:65270}, handlesAlerts: true, hasTouchScreen: false, javascriptEnabled: true, locationContextEnabled: true, mobileEmulationEnabled: false, nativeEvents: true, networkConnectionEnabled: false, pageLoadStrategy: normal, platform: XP, platformName: XP, rotatable: false, setWindowRect: true, takesHeapSnapshot: true, takesScreenshot: true, unexpectedAlertBehaviour: , unhandledPromptBehavior: , version: 76.0.3809.132, webStorageEnabled: true}
Session ID: e598cdaad9e6a466c6b16f956fb91626
at org.openqa.selenium.remote.ErrorHandler.createThrowable(ErrorHandler.java:214)
at org.openqa.selenium.remote.ErrorHandler.throwIfResponseFailed(ErrorHandler.java:166)
at org.openqa.selenium.remote.http.JsonHttpResponseCodec.reconstructValue(JsonHttpResponseCodec.java:40)
at org.openqa.selenium.remote.http.AbstractHttpResponseCodec.decode(AbstractHttpResponseCodec.java:80)
at org.openqa.selenium.remote.http.AbstractHttpResponseCodec.decode(AbstractHttpResponseCodec.java:44)
at org.openqa.selenium.remote.HttpCommandExecutor.execute(HttpCommandExecutor.java:160)
at org.openqa.selenium.remote.service.DriverCommandExecutor.execute(DriverCommandExecutor.java:83)
at org.openqa.selenium.remote.RemoteWebDriver.execute(RemoteWebDriver.java:601)
at org.openqa.selenium.remote.RemoteWebElement.execute(RemoteWebElement.java:279)
at org.openqa.selenium.remote.RemoteWebElement.click(RemoteWebElement.java:83)
at GT.GT.HomePage.clickFacebookLogoInFooterSection(HomePage.java:242)
at GT.GT.HomePageTest.verifyFunctionalityOfFacebookLogoInFooterSection(HomePageTest.java:428)
... Removed 30 stack frames]]>
    </failure>
  </testcase> <!-- verifyFunctionalityOfFacebookLogoInFooterSection -->
  <testcase classname="GT.GT.HomePageTest" name="verifyFunctionalityOfTwitterLogoInFooterSection" time="0.089">
    <failure type="org.openqa.selenium.WebDriverException" message="unknown error: Element &amp;lt;span class=&amp;quot;bgSocialIcon twitter&amp;quot;&amp;gt;&amp;lt;/span&amp;gt; is not clickable at point (1071, 594). Other element would receive the click: &amp;lt;jdiv class=&amp;quot;hoverl_6R&amp;quot;&amp;gt;&amp;lt;/jdiv&amp;gt;
  (Session info: chrome=76.0.3809.132)
  (Driver info: chromedriver=2.43.600210 (68dcf5eebde37173d4027fa8635e332711d2874a),platform=Windows NT 10.0.18362 x86_64) (WARNING: The server did not provide any stacktrace information)
Command duration or timeout: 0 milliseconds
Build info: version: &amp;apos;3.10.0&amp;apos;, revision: &amp;apos;176b4a9&amp;apos;, time: &amp;apos;2018-03-02T19:03:16.397Z&amp;apos;
System info: host: &amp;apos;DESKTOP-HD64D8V&amp;apos;, ip: &amp;apos;192.168.72.231&amp;apos;, os.name: &amp;apos;Windows 10&amp;apos;, os.arch: &amp;apos;amd64&amp;apos;, os.version: &amp;apos;10.0&amp;apos;, java.version: &amp;apos;12&amp;apos;
Driver info: org.openqa.selenium.chrome.ChromeDriver
Capabilities {acceptInsecureCerts: false, acceptSslCerts: false, applicationCacheEnabled: false, browserConnectionEnabled: false, browserName: chrome, chrome: {chromedriverVersion: 2.43.600210 (68dcf5eebde371..., userDataDir: C:\Users\smsc\AppData\Local...}, cssSelectorsEnabled: true, databaseEnabled: false, goog:chromeOptions: {debuggerAddress: localhost:65270}, handlesAlerts: true, hasTouchScreen: false, javascriptEnabled: true, locationContextEnabled: true, mobileEmulationEnabled: false, nativeEvents: true, networkConnectionEnabled: false, pageLoadStrategy: normal, platform: XP, platformName: XP, rotatable: false, setWindowRect: true, takesHeapSnapshot: true, takesScreenshot: true, unexpectedAlertBehaviour: , unhandledPromptBehavior: , version: 76.0.3809.132, webStorageEnabled: true}
Session ID: e598cdaad9e6a466c6b16f956fb91626">
      <![CDATA[org.openqa.selenium.WebDriverException: unknown error: Element <span class="bgSocialIcon twitter"></span> is not clickable at point (1071, 594). Other element would receive the click: <jdiv class="hoverl_6R"></jdiv>
  (Session info: chrome=76.0.3809.132)
  (Driver info: chromedriver=2.43.600210 (68dcf5eebde37173d4027fa8635e332711d2874a),platform=Windows NT 10.0.18362 x86_64) (WARNING: The server did not provide any stacktrace information)
Command duration or timeout: 0 milliseconds
Build info: version: '3.10.0', revision: '176b4a9', time: '2018-03-02T19:03:16.397Z'
System info: host: 'DESKTOP-HD64D8V', ip: '192.168.72.231', os.name: 'Windows 10', os.arch: 'amd64', os.version: '10.0', java.version: '12'
Driver info: org.openqa.selenium.chrome.ChromeDriver
Capabilities {acceptInsecureCerts: false, acceptSslCerts: false, applicationCacheEnabled: false, browserConnectionEnabled: false, browserName: chrome, chrome: {chromedriverVersion: 2.43.600210 (68dcf5eebde371..., userDataDir: C:\Users\smsc\AppData\Local...}, cssSelectorsEnabled: true, databaseEnabled: false, goog:chromeOptions: {debuggerAddress: localhost:65270}, handlesAlerts: true, hasTouchScreen: false, javascriptEnabled: true, locationContextEnabled: true, mobileEmulationEnabled: false, nativeEvents: true, networkConnectionEnabled: false, pageLoadStrategy: normal, platform: XP, platformName: XP, rotatable: false, setWindowRect: true, takesHeapSnapshot: true, takesScreenshot: true, unexpectedAlertBehaviour: , unhandledPromptBehavior: , version: 76.0.3809.132, webStorageEnabled: true}
Session ID: e598cdaad9e6a466c6b16f956fb91626
at org.openqa.selenium.remote.ErrorHandler.createThrowable(ErrorHandler.java:214)
at org.openqa.selenium.remote.ErrorHandler.throwIfResponseFailed(ErrorHandler.java:166)
at org.openqa.selenium.remote.http.JsonHttpResponseCodec.reconstructValue(JsonHttpResponseCodec.java:40)
at org.openqa.selenium.remote.http.AbstractHttpResponseCodec.decode(AbstractHttpResponseCodec.java:80)
at org.openqa.selenium.remote.http.AbstractHttpResponseCodec.decode(AbstractHttpResponseCodec.java:44)
at org.openqa.selenium.remote.HttpCommandExecutor.execute(HttpCommandExecutor.java:160)
at org.openqa.selenium.remote.service.DriverCommandExecutor.execute(DriverCommandExecutor.java:83)
at org.openqa.selenium.remote.RemoteWebDriver.execute(RemoteWebDriver.java:601)
at org.openqa.selenium.remote.RemoteWebElement.execute(RemoteWebElement.java:279)
at org.openqa.selenium.remote.RemoteWebElement.click(RemoteWebElement.java:83)
at GT.GT.HomePage.clickTwitterLogoInFooterSection(HomePage.java:250)
at GT.GT.HomePageTest.verifyFunctionalityOfTwitterLogoInFooterSection(HomePageTest.java:464)
... Removed 30 stack frames]]>
    </failure>
  </testcase> <!-- verifyFunctionalityOfTwitterLogoInFooterSection -->
  <testcase classname="GT.GT.HomePageTest" name="verifyFunctionalityOfYoutubeLogoInFooterSection" time="0.095">
    <failure type="org.openqa.selenium.WebDriverException" message="unknown error: Element &amp;lt;span class=&amp;quot;bgSocialIcon youtube&amp;quot;&amp;gt;&amp;lt;/span&amp;gt; is not clickable at point (1114, 594). Other element would receive the click: &amp;lt;jdiv class=&amp;quot;hoverl_6R&amp;quot;&amp;gt;&amp;lt;/jdiv&amp;gt;
  (Session info: chrome=76.0.3809.132)
  (Driver info: chromedriver=2.43.600210 (68dcf5eebde37173d4027fa8635e332711d2874a),platform=Windows NT 10.0.18362 x86_64) (WARNING: The server did not provide any stacktrace information)
Command duration or timeout: 0 milliseconds
Build info: version: &amp;apos;3.10.0&amp;apos;, revision: &amp;apos;176b4a9&amp;apos;, time: &amp;apos;2018-03-02T19:03:16.397Z&amp;apos;
System info: host: &amp;apos;DESKTOP-HD64D8V&amp;apos;, ip: &amp;apos;192.168.72.231&amp;apos;, os.name: &amp;apos;Windows 10&amp;apos;, os.arch: &amp;apos;amd64&amp;apos;, os.version: &amp;apos;10.0&amp;apos;, java.version: &amp;apos;12&amp;apos;
Driver info: org.openqa.selenium.chrome.ChromeDriver
Capabilities {acceptInsecureCerts: false, acceptSslCerts: false, applicationCacheEnabled: false, browserConnectionEnabled: false, browserName: chrome, chrome: {chromedriverVersion: 2.43.600210 (68dcf5eebde371..., userDataDir: C:\Users\smsc\AppData\Local...}, cssSelectorsEnabled: true, databaseEnabled: false, goog:chromeOptions: {debuggerAddress: localhost:65270}, handlesAlerts: true, hasTouchScreen: false, javascriptEnabled: true, locationContextEnabled: true, mobileEmulationEnabled: false, nativeEvents: true, networkConnectionEnabled: false, pageLoadStrategy: normal, platform: XP, platformName: XP, rotatable: false, setWindowRect: true, takesHeapSnapshot: true, takesScreenshot: true, unexpectedAlertBehaviour: , unhandledPromptBehavior: , version: 76.0.3809.132, webStorageEnabled: true}
Session ID: e598cdaad9e6a466c6b16f956fb91626">
      <![CDATA[org.openqa.selenium.WebDriverException: unknown error: Element <span class="bgSocialIcon youtube"></span> is not clickable at point (1114, 594). Other element would receive the click: <jdiv class="hoverl_6R"></jdiv>
  (Session info: chrome=76.0.3809.132)
  (Driver info: chromedriver=2.43.600210 (68dcf5eebde37173d4027fa8635e332711d2874a),platform=Windows NT 10.0.18362 x86_64) (WARNING: The server did not provide any stacktrace information)
Command duration or timeout: 0 milliseconds
Build info: version: '3.10.0', revision: '176b4a9', time: '2018-03-02T19:03:16.397Z'
System info: host: 'DESKTOP-HD64D8V', ip: '192.168.72.231', os.name: 'Windows 10', os.arch: 'amd64', os.version: '10.0', java.version: '12'
Driver info: org.openqa.selenium.chrome.ChromeDriver
Capabilities {acceptInsecureCerts: false, acceptSslCerts: false, applicationCacheEnabled: false, browserConnectionEnabled: false, browserName: chrome, chrome: {chromedriverVersion: 2.43.600210 (68dcf5eebde371..., userDataDir: C:\Users\smsc\AppData\Local...}, cssSelectorsEnabled: true, databaseEnabled: false, goog:chromeOptions: {debuggerAddress: localhost:65270}, handlesAlerts: true, hasTouchScreen: false, javascriptEnabled: true, locationContextEnabled: true, mobileEmulationEnabled: false, nativeEvents: true, networkConnectionEnabled: false, pageLoadStrategy: normal, platform: XP, platformName: XP, rotatable: false, setWindowRect: true, takesHeapSnapshot: true, takesScreenshot: true, unexpectedAlertBehaviour: , unhandledPromptBehavior: , version: 76.0.3809.132, webStorageEnabled: true}
Session ID: e598cdaad9e6a466c6b16f956fb91626
at org.openqa.selenium.remote.ErrorHandler.createThrowable(ErrorHandler.java:214)
at org.openqa.selenium.remote.ErrorHandler.throwIfResponseFailed(ErrorHandler.java:166)
at org.openqa.selenium.remote.http.JsonHttpResponseCodec.reconstructValue(JsonHttpResponseCodec.java:40)
at org.openqa.selenium.remote.http.AbstractHttpResponseCodec.decode(AbstractHttpResponseCodec.java:80)
at org.openqa.selenium.remote.http.AbstractHttpResponseCodec.decode(AbstractHttpResponseCodec.java:44)
at org.openqa.selenium.remote.HttpCommandExecutor.execute(HttpCommandExecutor.java:160)
at org.openqa.selenium.remote.service.DriverCommandExecutor.execute(DriverCommandExecutor.java:83)
at org.openqa.selenium.remote.RemoteWebDriver.execute(RemoteWebDriver.java:601)
at org.openqa.selenium.remote.RemoteWebElement.execute(RemoteWebElement.java:279)
at org.openqa.selenium.remote.RemoteWebElement.click(RemoteWebElement.java:83)
at GT.GT.HomePage.clickYoutubeLogoInFooterSection(HomePage.java:258)
at GT.GT.HomePageTest.verifyFunctionalityOfYoutubeLogoInFooterSection(HomePageTest.java:526)
... Removed 29 stack frames]]>
    </failure>
  </testcase> <!-- verifyFunctionalityOfYoutubeLogoInFooterSection -->
  <testcase classname="GT.GT.HomePageTest" name="verifyGrpTalkEmailAndContactDisplayedInHeaderScetion" time="0.111">
    <failure type="java.lang.AssertionError" message="expected [+91-40-47475544] but found [+91-40-71044555]">
      <![CDATA[java.lang.AssertionError: expected [+91-40-47475544] but found [+91-40-71044555]
at GT.GT.HomePageTest.verifyGrpTalkEmailAndContactDisplayedInHeaderScetion(HomePageTest.java:131)
... Removed 31 stack frames]]>
    </failure>
  </testcase> <!-- verifyGrpTalkEmailAndContactDisplayedInHeaderScetion -->
  <testcase classname="GT.GT.HomePageTest" name="verifyHomeLinkInFooterSection" time="0.707"/>
  <testcase classname="GT.GT.HomePageTest" name="verifyHowItWorksLinkInFooterSection" time="2.299"/>
  <testcase classname="GT.GT.HomePageTest" name="verifyHowItWorksTabFunctionality" time="1.222"/>
  <testcase classname="GT.GT.HomePageTest" name="verifyPlayStoreTabFunctionality" time="0.119">
    <failure type="org.openqa.selenium.WebDriverException" message="unknown error: Element &amp;lt;a redirecturl=&amp;quot;https://play.google.com/store/apps/details?id=com.mobile.android.grptalk&amp;quot; class=&amp;quot;page-scroll btn btn-primary app-store appDownloadClick&amp;quot;&amp;gt;...&amp;lt;/a&amp;gt; is not clickable at point (1033, 585). Other element would receive the click: &amp;lt;jdiv class=&amp;quot;hoverl_6R&amp;quot;&amp;gt;&amp;lt;/jdiv&amp;gt;
  (Session info: chrome=76.0.3809.132)
  (Driver info: chromedriver=2.43.600210 (68dcf5eebde37173d4027fa8635e332711d2874a),platform=Windows NT 10.0.18362 x86_64) (WARNING: The server did not provide any stacktrace information)
Command duration or timeout: 0 milliseconds
Build info: version: &amp;apos;3.10.0&amp;apos;, revision: &amp;apos;176b4a9&amp;apos;, time: &amp;apos;2018-03-02T19:03:16.397Z&amp;apos;
System info: host: &amp;apos;DESKTOP-HD64D8V&amp;apos;, ip: &amp;apos;192.168.72.231&amp;apos;, os.name: &amp;apos;Windows 10&amp;apos;, os.arch: &amp;apos;amd64&amp;apos;, os.version: &amp;apos;10.0&amp;apos;, java.version: &amp;apos;12&amp;apos;
Driver info: org.openqa.selenium.chrome.ChromeDriver
Capabilities {acceptInsecureCerts: false, acceptSslCerts: false, applicationCacheEnabled: false, browserConnectionEnabled: false, browserName: chrome, chrome: {chromedriverVersion: 2.43.600210 (68dcf5eebde371..., userDataDir: C:\Users\smsc\AppData\Local...}, cssSelectorsEnabled: true, databaseEnabled: false, goog:chromeOptions: {debuggerAddress: localhost:65270}, handlesAlerts: true, hasTouchScreen: false, javascriptEnabled: true, locationContextEnabled: true, mobileEmulationEnabled: false, nativeEvents: true, networkConnectionEnabled: false, pageLoadStrategy: normal, platform: XP, platformName: XP, rotatable: false, setWindowRect: true, takesHeapSnapshot: true, takesScreenshot: true, unexpectedAlertBehaviour: , unhandledPromptBehavior: , version: 76.0.3809.132, webStorageEnabled: true}
Session ID: e598cdaad9e6a466c6b16f956fb91626">
      <![CDATA[org.openqa.selenium.WebDriverException: unknown error: Element <a redirecturl="https://play.google.com/store/apps/details?id=com.mobile.android.grptalk" class="page-scroll btn btn-primary app-store appDownloadClick">...</a> is not clickable at point (1033, 585). Other element would receive the click: <jdiv class="hoverl_6R"></jdiv>
  (Session info: chrome=76.0.3809.132)
  (Driver info: chromedriver=2.43.600210 (68dcf5eebde37173d4027fa8635e332711d2874a),platform=Windows NT 10.0.18362 x86_64) (WARNING: The server did not provide any stacktrace information)
Command duration or timeout: 0 milliseconds
Build info: version: '3.10.0', revision: '176b4a9', time: '2018-03-02T19:03:16.397Z'
System info: host: 'DESKTOP-HD64D8V', ip: '192.168.72.231', os.name: 'Windows 10', os.arch: 'amd64', os.version: '10.0', java.version: '12'
Driver info: org.openqa.selenium.chrome.ChromeDriver
Capabilities {acceptInsecureCerts: false, acceptSslCerts: false, applicationCacheEnabled: false, browserConnectionEnabled: false, browserName: chrome, chrome: {chromedriverVersion: 2.43.600210 (68dcf5eebde371..., userDataDir: C:\Users\smsc\AppData\Local...}, cssSelectorsEnabled: true, databaseEnabled: false, goog:chromeOptions: {debuggerAddress: localhost:65270}, handlesAlerts: true, hasTouchScreen: false, javascriptEnabled: true, locationContextEnabled: true, mobileEmulationEnabled: false, nativeEvents: true, networkConnectionEnabled: false, pageLoadStrategy: normal, platform: XP, platformName: XP, rotatable: false, setWindowRect: true, takesHeapSnapshot: true, takesScreenshot: true, unexpectedAlertBehaviour: , unhandledPromptBehavior: , version: 76.0.3809.132, webStorageEnabled: true}
Session ID: e598cdaad9e6a466c6b16f956fb91626
at org.openqa.selenium.remote.ErrorHandler.createThrowable(ErrorHandler.java:214)
at org.openqa.selenium.remote.ErrorHandler.throwIfResponseFailed(ErrorHandler.java:166)
at org.openqa.selenium.remote.http.JsonHttpResponseCodec.reconstructValue(JsonHttpResponseCodec.java:40)
at org.openqa.selenium.remote.http.AbstractHttpResponseCodec.decode(AbstractHttpResponseCodec.java:80)
at org.openqa.selenium.remote.http.AbstractHttpResponseCodec.decode(AbstractHttpResponseCodec.java:44)
at org.openqa.selenium.remote.HttpCommandExecutor.execute(HttpCommandExecutor.java:160)
at org.openqa.selenium.remote.service.DriverCommandExecutor.execute(DriverCommandExecutor.java:83)
at org.openqa.selenium.remote.RemoteWebDriver.execute(RemoteWebDriver.java:601)
at org.openqa.selenium.remote.RemoteWebElement.execute(RemoteWebElement.java:279)
at org.openqa.selenium.remote.RemoteWebElement.click(RemoteWebElement.java:83)
at GT.GT.HomePage.clickPlayStoreTab(HomePage.java:122)
at GT.GT.HomePageTest.verifyPlayStoreTabFunctionality(HomePageTest.java:212)
... Removed 29 stack frames]]>
    </failure>
  </testcase> <!-- verifyPlayStoreTabFunctionality -->
  <testcase classname="GT.GT.HomePageTest" name="verifyPricingLinkInFooterSection" time="0.549"/>
  <testcase classname="GT.GT.HomePageTest" name="verifyPricingTabFunctionality" time="23.394"/>
  <testcase classname="GT.GT.HomePageTest" name="verifyPrivacyAndDataUsageLinkInFooterSection" time="0.557"/>
  <testcase classname="GT.GT.HomePageTest" name="verifyRequest_A_PriceTabFunctionality" time="6.101"/>
  <testcase classname="GT.GT.HomePageTest" name="verifyScanQRCodeTabFunctionality" time="1.507"/>
  <testcase classname="GT.GT.HomePageTest" name="verifySolutionsTabFunctionality" time="2.87"/>
  <testcase classname="GT.GT.HomePageTest" name="verifyStartDemoFunctionality" time="9.12"/>
  <testcase classname="GT.GT.HomePageTest" name="verifyTermsAndConditionsLinkInFooterSection" time="2.872"/>
  <testcase classname="GT.GT.HomePageTest" name="verifyWebLoginFunctionality" time="1.159"/>
  <testcase classname="GT.GT.HomePageTest" name="verifyWebLoginLinkInFooterSection" time="1.072"/>
  <testcase classname="GT.GT.HomePageTest" name="verifyYouTubeVideoFunctionality" time="0.058"/>
  <testcase classname="GT.GT.HomePageTest" name="verify_FAQ_LinkInFooterSection" time="0.571"/>
  <testcase classname="GT.GT.HomePageTest" name="verifyChatFunctionality" time="0.0">
    <ignored/>
  </testcase> <!-- verifyChatFunctionality -->
</testsuite> <!-- HomePageTest -->
